e:\repository\surfacedyna\surfacedyna\x64\debug\qrc_surfacedyna.obj
e:\repository\surfacedyna\surfacedyna\x64\debug\moc_btwindowmonitor.obj
e:\repository\surfacedyna\surfacedyna\x64\debug\moc_settingdialog.obj
e:\repository\surfacedyna\surfacedyna\x64\debug\moc_treewidget.obj
e:\repository\surfacedyna\surfacedyna\x64\debug\moc_itemdialog.obj
e:\repository\surfacedyna\surfacedyna\x64\debug\moc_kfileedtitor.obj
e:\repository\surfacedyna\surfacedyna\x64\debug\moc_readthread.obj
e:\repository\surfacedyna\surfacedyna\x64\debug\moc_displaywidget.obj
e:\repository\surfacedyna\surfacedyna\x64\debug\moc_btexternalprogrameditor.obj
e:\repository\surfacedyna\surfacedyna\x64\debug\moc_readwrite.obj
e:\repository\surfacedyna\surfacedyna\x64\debug\readwrite.obj
e:\repository\surfacedyna\surfacedyna\x64\debug\main.obj
e:\repository\surfacedyna\surfacedyna\x64\debug\itemdialog.obj
e:\repository\surfacedyna\surfacedyna\x64\debug\readthread.obj
e:\repository\surfacedyna\surfacedyna\x64\debug\kfileedtitor.obj
e:\repository\surfacedyna\surfacedyna\x64\debug\treewidget.obj
e:\repository\surfacedyna\surfacedyna\x64\debug\displaywidget.obj
e:\repository\surfacedyna\surfacedyna\x64\debug\settingdialog.obj
e:\repository\surfacedyna\surfacedyna\x64\debug\btexternalprogrameditor.obj
e:\repository\surfacedyna\surfacedyna\x64\debug\btwindowmonitor.obj
e:\repository\surfacedyna\surfacedyna\x64\debug\data.obj
e:\repository\surfacedyna\surfacedyna\x64\debug\translator.obj
e:\repository\surfacedyna\surfacedyna\x64\debug\vc140.pdb
e:\repository\surfacedyna\x64\debug\surfacedyna.ilk
e:\repository\surfacedyna\x64\debug\surfacedyna.exe
e:\repository\surfacedyna\x64\debug\surfacedyna.pdb
e:\repository\surfacedyna\surfacedyna\x64\debug\moc\moc_itemdialog.cpp
e:\repository\surfacedyna\surfacedyna\x64\debug\rcc\qrc_surfacedyna.cpp
e:\repository\surfacedyna\surfacedyna\x64\debug\uic\ui_surfacedyna.h
e:\repository\surfacedyna\surfacedyna\x64\debug\moc\moc_surfacedyna.cpp
e:\repository\surfacedyna\surfacedyna\x64\debug\uic\ui_displaywidget.h
e:\repository\surfacedyna\surfacedyna\x64\debug\uic\ui_itemdialog.h
e:\repository\surfacedyna\surfacedyna\x64\debug\uic\ui_kfileedtitor.h
e:\repository\surfacedyna\surfacedyna\x64\debug\uic\ui_settingdialog.h
e:\repository\surfacedyna\surfacedyna\x64\debug\uic\ui_treewidget.h
e:\repository\surfacedyna\surfacedyna\x64\debug\moc\moc_btexternalprogrameditor.cpp
e:\repository\surfacedyna\surfacedyna\x64\debug\moc\moc_btwindowmonitor.cpp
e:\repository\surfacedyna\surfacedyna\x64\debug\moc\moc_treewidget.cpp
e:\repository\surfacedyna\surfacedyna\x64\debug\moc\moc_settingdialog.cpp
e:\repository\surfacedyna\surfacedyna\x64\debug\moc\moc_readwrite.cpp
e:\repository\surfacedyna\surfacedyna\x64\debug\moc\moc_readthread.cpp
e:\repository\surfacedyna\surfacedyna\x64\debug\moc\moc_kfileedtitor.cpp
e:\repository\surfacedyna\surfacedyna\x64\debug\moc\moc_displaywidget.cpp
e:\repository\surfacedyna\surfacedyna\x64\debug\surfacedyna.tlog\cl.10744.write.1.tlog
e:\repository\surfacedyna\surfacedyna\x64\debug\surfacedyna.tlog\cl.command.1.tlog
e:\repository\surfacedyna\surfacedyna\x64\debug\surfacedyna.tlog\cl.read.1.tlog
e:\repository\surfacedyna\surfacedyna\x64\debug\surfacedyna.tlog\link.command.1.tlog
e:\repository\surfacedyna\surfacedyna\x64\debug\surfacedyna.tlog\link.read.1.tlog
e:\repository\surfacedyna\surfacedyna\x64\debug\surfacedyna.tlog\link.write.1.tlog
e:\repository\surfacedyna\surfacedyna\x64\debug\surfacedyna.tlog\moc.read.1u.tlog
e:\repository\surfacedyna\surfacedyna\x64\debug\surfacedyna.tlog\moc.write.1u.tlog
e:\repository\surfacedyna\surfacedyna\x64\debug\surfacedyna.tlog\rcc.read.1u.tlog
e:\repository\surfacedyna\surfacedyna\x64\debug\surfacedyna.tlog\rcc.write.1u.tlog
e:\repository\surfacedyna\surfacedyna\x64\debug\surfacedyna.tlog\surfacedyna.write.1u.tlog
e:\repository\surfacedyna\surfacedyna\x64\debug\surfacedyna.tlog\uic.read.1u.tlog
e:\repository\surfacedyna\surfacedyna\x64\debug\surfacedyna.tlog\uic.write.1u.tlog
